<?xml version="1.0" encoding="UTF-8"?>
<!-- Generated by org.testng.reporters.JUnitXMLReporter -->
<testsuite ignored="0" hostname="Amulya" failures="0" tests="2" name="ErrorValidation Test" time="0.131" errors="0" timestamp="2023-01-10T22:25:18 IST">
  <testcase classname="wRepeat.wFramework.ErrorValidationTest" name="init" time="0.0">
    <skipped/>
  </testcase> <!-- init -->
  <testcase classname="wRepeat.wFramework.ErrorValidationTest" name="orderHistory" time="0.0">
    <skipped/>
  </testcase> <!-- orderHistory -->
</testsuite> <!-- ErrorValidation Test -->
