<?xml version="1.0" encoding="UTF-8"?>
<!-- Generated by org.testng.reporters.JUnitXMLReporter -->
<testsuite ignored="0" hostname="Amulya" failures="0" tests="3" name="SubmitOrder Test" time="40.015" errors="0" timestamp="2023-01-11T12:35:48 IST">
  <testcase classname="wRepeat.wFramework.SubmitOrderTest" name="submitOrder" time="10.318"/>
  <testcase classname="wRepeat.wFramework.SubmitOrderTest" name="submitOrder" time="5.44"/>
  <testcase classname="wRepeat.wFramework.SubmitOrderTest" name="orderHistory" time="0.814"/>
</testsuite> <!-- SubmitOrder Test -->
