<?xml version="1.0" encoding="UTF-8"?>
<!-- Generated by org.testng.reporters.JUnitXMLReporter -->
<testsuite ignored="0" hostname="Amulya" failures="1" tests="4" name="ErrorValidation Test" time="36.383" errors="0" timestamp="2023-01-11T11:01:37 IST">
  <testcase classname="wRepeat.wFramework.ErrorValidationTest" name="init" time="0.541">
    <skipped/>
  </testcase> <!-- init -->
  <testcase classname="wRepeat.wFramework.ErrorValidationTest" name="init" time="0.665">
    <skipped/>
  </testcase> <!-- init -->
  <testcase classname="wRepeat.wFramework.ErrorValidationTest" name="init" time="0.611">
    <failure type="java.lang.AssertionError" message="expected [Incorrect email  password.] but found [Incorrect email or password.]">
      <![CDATA[java.lang.AssertionError: expected [Incorrect email  password.] but found [Incorrect email or password.]
at wRepeat.wFramework.ErrorValidationTest.init(ErrorValidationTest.java:37)
at java.base/java.util.ArrayList.forEach(ArrayList.java:1541)
at java.base/java.util.concurrent.FutureTask.run(FutureTask.java:264)
at java.base/java.util.concurrent.ThreadPoolExecutor.runWorker(ThreadPoolExecutor.java:1128)
at java.base/java.util.concurrent.ThreadPoolExecutor$Worker.run(ThreadPoolExecutor.java:628)
at java.base/java.lang.Thread.run(Thread.java:834)
... Removed 23 stack frames]]>
    </failure>
  </testcase> <!-- init -->
  <testcase classname="wRepeat.wFramework.ErrorValidationTest" name="orderHistory" time="4.07"/>
</testsuite> <!-- ErrorValidation Test -->
