<?xml version="1.0" encoding="UTF-8"?>
<!-- Generated by org.testng.reporters.JUnitXMLReporter -->
<testsuite ignored="0" hostname="Amulya" failures="0" tests="3" name="SubmitOrder Test" time="54.403" errors="0" timestamp="2023-01-11T11:36:07 IST">
  <testcase classname="wRepeat.wFramework.SubmitOrderTest" name="submitOrder" time="5.06"/>
  <testcase classname="wRepeat.wFramework.SubmitOrderTest" name="submitOrder" time="4.977"/>
  <testcase classname="wRepeat.wFramework.SubmitOrderTest" name="orderHistory" time="1.026"/>
</testsuite> <!-- SubmitOrder Test -->
