<?xml version="1.0" encoding="UTF-8"?>
<testsuite xmlns:xsi="http://www.w3.org/2001/XMLSchema-instance" xsi:noNamespaceSchemaLocation="https://maven.apache.org/surefire/maven-surefire-plugin/xsd/surefire-test-report.xsd" name="TestSuite" time="26.927" tests="6" errors="0" skipped="3" failures="2">
  <properties>
[...]
</properties>
  <testcase name="init" classname="wRepeat.wFramework.ErrorValidationTest" time="0">
    <skipped message="expected [Incorrect email  password.] but found [Incorrect email or password.]"/>
    <system-err><![CDATA[SLF4J: Failed to load class "org.slf4j.impl.StaticLoggerBinder".
SLF4J: Defaulting to no-operation (NOP) logger implementation
SLF4J: See http://www.slf4j.org/codes.html#StaticLoggerBinder for further details.
Starting ChromeDriver 108.0.5359.71 (1e0e3868ee06e91ad636a874420e3ca3ae3756ac-refs/branch-heads/5359@{#1016}) on port 23827
Only local connections are allowed.
Please see https://chromedriver.chromium.org/security-considerations for suggestions on keeping ChromeDriver safe.
ChromeDriver was started successfully.
]]></system-err>
  </testcase>
  <testcase name="init" classname="wRepeat.wFramework.ErrorValidationTest" time="0">
    <skipped message="expected [Incorrect email  password.] but found [Incorrect email or password.]"/>
    <system-err><![CDATA[Starting ChromeDriver 108.0.5359.71 (1e0e3868ee06e91ad636a874420e3ca3ae3756ac-refs/branch-heads/5359@{#1016}) on port 26989
Only local connections are allowed.
Please see https://chromedriver.chromium.org/security-considerations for suggestions on keeping ChromeDriver safe.
ChromeDriver was started successfully.
]]></system-err>
  </testcase>
  <testcase name="init" classname="wRepeat.wFramework.ErrorValidationTest" time="0.579">
    <failure message="expected [Incorrect email  password.] but found [Incorrect email or password.]" type="java.lang.AssertionError">java.lang.AssertionError: expected [Incorrect email  password.] but found [Incorrect email or password.]
	at wRepeat.wFramework.ErrorValidationTest.init(ErrorValidationTest.java:37)
</failure>
    <system-err><![CDATA[Starting ChromeDriver 108.0.5359.71 (1e0e3868ee06e91ad636a874420e3ca3ae3756ac-refs/branch-heads/5359@{#1016}) on port 42813
Only local connections are allowed.
Please see https://chromedriver.chromium.org/security-considerations for suggestions on keeping ChromeDriver safe.
ChromeDriver was started successfully.
]]></system-err>
  </testcase>
  <testcase name="orderHistory" classname="wRepeat.wFramework.ErrorValidationTest" time="4.49"/>
  <testcase name="submitOrder" classname="wRepeat.wFramework.SubmitOrderTest" time="5.065">
    <failure message="java.io.FileNotFoundException: File &apos;C:\Users\bsamu\EclipseWorkspace\WFrameworksrc\test\java\wRepeat\json\data\inputdata.json&apos; does not exist" type="java.lang.RuntimeException">java.lang.RuntimeException: java.io.FileNotFoundException: File 'C:\Users\bsamu\EclipseWorkspace\WFrameworksrc\test\java\wRepeat\json\data\inputdata.json' does not exist
	at wRepeat.wFramework.SubmitOrderTest.getData(SubmitOrderTest.java:54)
</failure>
    <system-err><![CDATA[[1673369452.235][SEVERE]: Unable to receive message from renderer
]]></system-err>
  </testcase>
  <testcase name="orderHistory" classname="wRepeat.wFramework.SubmitOrderTest" time="0">
    <skipped message="Method wRepeat.wFramework.SubmitOrderTest.orderHistory() on instance wRepeat.wFramework.SubmitOrderTest@a2431d0 depends on not successfully finished methods &#10;[wRepeat.wFramework.SubmitOrderTest.submitOrder() on instance wRepeat.wFramework.SubmitOrderTest@a2431d0]"/>
  </testcase>
</testsuite>