<?xml version="1.0" encoding="UTF-8"?>
<testng-results ignored="0" total="5" passed="5" failed="0" skipped="0">
  <reporter-output>
  </reporter-output>
  <suite started-at="2023-01-11T13:31:19 IST" name="Suite" finished-at="2023-01-11T13:32:03 IST" duration-ms="44498">
    <groups>
      <group name="ErrorHandling">
        <method signature="ErrorValidationTest.init()[pri:0, instance:wRepeat.wFramework.ErrorValidationTest@487db668]" name="init" class="wRepeat.wFramework.ErrorValidationTest"/>
      </group> <!-- ErrorHandling -->
      <group name="Purchase">
        <method signature="SubmitOrderTest.submitOrder(java.util.HashMap)[pri:0, instance:wRepeat.wFramework.SubmitOrderTest@10cf09e8]" name="submitOrder" class="wRepeat.wFramework.SubmitOrderTest"/>
      </group> <!-- Purchase -->
    </groups>
    <test started-at="2023-01-11T13:31:19 IST" name="ErrorValidation Test" finished-at="2023-01-11T13:31:45 IST" duration-ms="26239">
      <class name="wRepeat.wFramework.ErrorValidationTest">
        <test-method is-config="true" signature="LaunchApplication()[pri:0, instance:wRepeat.wFramework.ErrorValidationTest@487db668]" started-at="2023-01-11T13:31:19 IST" name="LaunchApplication" finished-at="2023-01-11T13:31:30 IST" duration-ms="11093" status="PASS">
          <reporter-output>
          </reporter-output>
        </test-method> <!-- LaunchApplication -->
        <test-method signature="init()[pri:0, instance:wRepeat.wFramework.ErrorValidationTest@487db668]" started-at="2023-01-11T13:31:30 IST" name="init" finished-at="2023-01-11T13:31:31 IST" duration-ms="571" status="PASS">
          <reporter-output>
          </reporter-output>
        </test-method> <!-- init -->
        <test-method is-config="true" signature="tearDown()[pri:0, instance:wRepeat.wFramework.ErrorValidationTest@487db668]" started-at="2023-01-11T13:31:31 IST" name="tearDown" finished-at="2023-01-11T13:31:32 IST" duration-ms="1889" status="PASS">
          <reporter-output>
          </reporter-output>
        </test-method> <!-- tearDown -->
        <test-method is-config="true" signature="LaunchApplication()[pri:0, instance:wRepeat.wFramework.ErrorValidationTest@487db668]" started-at="2023-01-11T13:31:32 IST" name="LaunchApplication" finished-at="2023-01-11T13:31:39 IST" duration-ms="6895" status="PASS">
          <reporter-output>
          </reporter-output>
        </test-method> <!-- LaunchApplication -->
        <test-method signature="orderHistory()[pri:0, instance:wRepeat.wFramework.ErrorValidationTest@487db668]" started-at="2023-01-11T13:31:39 IST" name="orderHistory" finished-at="2023-01-11T13:31:44 IST" duration-ms="4174" status="PASS">
          <reporter-output>
          </reporter-output>
        </test-method> <!-- orderHistory -->
        <test-method is-config="true" signature="tearDown()[pri:0, instance:wRepeat.wFramework.ErrorValidationTest@487db668]" started-at="2023-01-11T13:31:44 IST" name="tearDown" finished-at="2023-01-11T13:31:45 IST" duration-ms="1526" status="PASS">
          <reporter-output>
          </reporter-output>
        </test-method> <!-- tearDown -->
      </class> <!-- wRepeat.wFramework.ErrorValidationTest -->
    </test> <!-- ErrorValidation Test -->
    <test started-at="2023-01-11T13:31:19 IST" name="SubmitOrder Test" finished-at="2023-01-11T13:32:03 IST" duration-ms="44498">
      <class name="wRepeat.wFramework.SubmitOrderTest">
        <test-method is-config="true" signature="LaunchApplication()[pri:0, instance:wRepeat.wFramework.SubmitOrderTest@10cf09e8]" started-at="2023-01-11T13:31:19 IST" name="LaunchApplication" finished-at="2023-01-11T13:31:32 IST" duration-ms="13167" status="PASS">
          <reporter-output>
          </reporter-output>
        </test-method> <!-- LaunchApplication -->
        <test-method signature="submitOrder(java.util.HashMap)[pri:0, instance:wRepeat.wFramework.SubmitOrderTest@10cf09e8]" started-at="2023-01-11T13:31:32 IST" name="submitOrder" data-provider="getData" finished-at="2023-01-11T13:31:44 IST" duration-ms="11496" status="PASS">
          <params>
            <param index="0">
              <value>
                <![CDATA[{password=Poornima*123, product=ZARA COAT 3, email=poornima@gmail.com}]]>
              </value>
            </param>
          </params>
          <reporter-output>
          </reporter-output>
        </test-method> <!-- submitOrder -->
        <test-method is-config="true" signature="tearDown()[pri:0, instance:wRepeat.wFramework.SubmitOrderTest@10cf09e8]" started-at="2023-01-11T13:31:44 IST" name="tearDown" finished-at="2023-01-11T13:31:45 IST" duration-ms="1023" status="PASS">
          <reporter-output>
          </reporter-output>
        </test-method> <!-- tearDown -->
        <test-method is-config="true" signature="LaunchApplication()[pri:0, instance:wRepeat.wFramework.SubmitOrderTest@10cf09e8]" started-at="2023-01-11T13:31:45 IST" name="LaunchApplication" finished-at="2023-01-11T13:31:50 IST" duration-ms="5231" status="PASS">
          <reporter-output>
          </reporter-output>
        </test-method> <!-- LaunchApplication -->
        <test-method signature="submitOrder(java.util.HashMap)[pri:0, instance:wRepeat.wFramework.SubmitOrderTest@10cf09e8]" started-at="2023-01-11T13:31:50 IST" name="submitOrder" data-provider="getData" finished-at="2023-01-11T13:31:56 IST" duration-ms="5396" status="PASS">
          <params>
            <param index="0">
              <value>
                <![CDATA[{password=Poornima*123, product=ADIDAS ORIGINAL, email=pushpa@gmail.com}]]>
              </value>
            </param>
          </params>
          <reporter-output>
          </reporter-output>
        </test-method> <!-- submitOrder -->
        <test-method is-config="true" signature="tearDown()[pri:0, instance:wRepeat.wFramework.SubmitOrderTest@10cf09e8]" started-at="2023-01-11T13:31:56 IST" name="tearDown" finished-at="2023-01-11T13:31:56 IST" duration-ms="730" status="PASS">
          <reporter-output>
          </reporter-output>
        </test-method> <!-- tearDown -->
        <test-method is-config="true" signature="LaunchApplication()[pri:0, instance:wRepeat.wFramework.SubmitOrderTest@10cf09e8]" started-at="2023-01-11T13:31:56 IST" name="LaunchApplication" finished-at="2023-01-11T13:32:02 IST" duration-ms="5458" status="PASS">
          <reporter-output>
          </reporter-output>
        </test-method> <!-- LaunchApplication -->
        <test-method signature="orderHistory()[pri:0, instance:wRepeat.wFramework.SubmitOrderTest@10cf09e8]" started-at="2023-01-11T13:32:02 IST" name="orderHistory" finished-at="2023-01-11T13:32:03 IST" depends-on-methods="wRepeat.wFramework.SubmitOrderTest.submitOrder" duration-ms="875" status="PASS">
          <reporter-output>
          </reporter-output>
        </test-method> <!-- orderHistory -->
        <test-method is-config="true" signature="tearDown()[pri:0, instance:wRepeat.wFramework.SubmitOrderTest@10cf09e8]" started-at="2023-01-11T13:32:03 IST" name="tearDown" finished-at="2023-01-11T13:32:03 IST" duration-ms="695" status="PASS">
          <reporter-output>
          </reporter-output>
        </test-method> <!-- tearDown -->
      </class> <!-- wRepeat.wFramework.SubmitOrderTest -->
    </test> <!-- SubmitOrder Test -->
  </suite> <!-- Suite -->
</testng-results>
